00:00:00.000280 main     VirtualBox XPCOM Server 6.1.32_Ubuntu r149290 linux.amd64 (Feb  8 2022 12:20:46) release log
00:00:00.000283 main     Log opened 2022-03-23T21:19:47.423418000Z
00:00:00.000284 main     Build Type: release
00:00:00.000287 main     OS Product: Linux
00:00:00.000287 main     OS Release: 5.13.0-37-generic
00:00:00.000288 main     OS Version: #42~20.04.1-Ubuntu SMP Tue Mar 15 15:44:28 UTC 2022
00:00:00.000308 main     DMI Product Name: MS-7C88
00:00:00.000314 main     DMI Product Version: 1.0
00:00:00.000319 main     Firmware type: UEFI
00:00:00.000517 main     Secure Boot: Disabled
00:00:00.000551 main     Host RAM: 15940MB (15.5GB) total, 13366MB (13.0GB) available
00:00:00.000554 main     Executable: /usr/lib/virtualbox/VBoxSVC
00:00:00.000554 main     Process ID: 6178
00:00:00.000555 main     Package type: LINUX_64BITS_GENERIC (OSE)
00:00:00.001807 main     IPC socket path: /tmp/.vbox-amogus-ipc/ipcd
00:00:00.104521 nspr-2   VirtualBox: object creation starts
00:00:00.104572 nspr-2   Home directory: '/home/amogus/.config/VirtualBox'
00:00:00.104681 nspr-2   Loading settings file "/home/amogus/.config/VirtualBox/VirtualBox.xml" with version "1.12-linux"
00:00:00.105356 nspr-2   HostDnsMonitor: initializing
00:00:00.105569 nspr-2   NAT: resolv.conf: nameserver 127.0.0.53
00:00:00.105579 nspr-2   NAT: resolv.conf: ignoring "options edns0 trust-ad"
00:00:00.105587 nspr-2   HostDnsMonitor: updating information
00:00:00.105596 nspr-2   HostDnsMonitor: old information
00:00:00.105598 nspr-2     no server entries
00:00:00.105600 nspr-2     no domain set
00:00:00.105601 nspr-2     no search string entries
00:00:00.105603 nspr-2   HostDnsMonitor: new information
00:00:00.105604 nspr-2     server 1: 127.0.0.53
00:00:00.105606 nspr-2     domain: home
00:00:00.105608 nspr-2     search string 1: home
00:00:00.107213 nspr-2   VD: VDInit finished with VINF_SUCCESS
00:00:00.107273 nspr-2   ERROR [COM]: aRC=NS_ERROR_FAILURE (0x80004005) aIID={027bc463-929c-40e8-bf16-fea557cd8e7e} aComponent={SystemPropertiesWrap} aText={Cannot determine default Guest Additions ISO location. Most likely they are not available}, preserve=false aResultDetail=0
00:00:00.109824 nspr-2   Loading settings file "/home/amogus/VirtualBox VMs/Win10/Win10.vbox" with version "1.15-linux"
00:00:00.110409 nspr-2   Loading settings file "/home/amogus/VirtualBox VMs/Kali-Linux-2021.4a-virtualbox-amd64/Kali-Linux-2021.4a-virtualbox-amd64.vbox" with version "1.16-linux"
00:00:00.110654 nspr-2   Loading settings file "/home/amogus/VirtualBox VMs/Parrot OS/Parrot OS.vbox" with version "1.16-linux"
00:00:00.110919 nspr-2   Loading settings file "/home/amogus/VirtualBox VMs/kali-linux-2022.1-virtualbox-amd64/kali-linux-2022.1-virtualbox-amd64.vbox" with version "1.16-linux"
00:00:00.111157 nspr-2   Loading settings file "/home/amogus/VirtualBox VMs/Earth/Earth.vbox" with version "1.16-linux"
00:00:00.111388 nspr-2   Loading settings file "/home/amogus/VirtualBox VMs/vm/vm.vbox" with version "1.16-linux"
00:00:00.111655 nspr-2   VirtualBox: object created
00:00:00.458829 nspr-3   WARNING [COM]: aRC=NS_ERROR_FAILURE (0x80004005) aIID={16ced992-5fdc-4aba-aff5-6a39bbd7c38b} aComponent={HostWrap} aText={VirtualBox is not currently allowed to access USB devices.  You can change this by adding your user to the 'vboxusers' group.  Please see the user manual for a more detailed explanation}, preserve=true  aResultDetail=0
00:00:00.616981 nspr-4   WARNING [COM]: aRC=NS_ERROR_FAILURE (0x80004005) aIID={16ced992-5fdc-4aba-aff5-6a39bbd7c38b} aComponent={HostWrap} aText={VirtualBox is not currently allowed to access USB devices.  You can change this by adding your user to the 'vboxusers' group.  Please see the user manual for a more detailed explanation}, preserve=true  aResultDetail=0
00:00:00.617474 nspr-4   WARNING [COM]: aRC=NS_ERROR_FAILURE (0x80004005) aIID={16ced992-5fdc-4aba-aff5-6a39bbd7c38b} aComponent={HostWrap} aText={VirtualBox is not currently allowed to access USB devices.  You can change this by adding your user to the 'vboxusers' group.  Please see the user manual for a more detailed explanation}, preserve=true  aResultDetail=0
00:00:08.595310 nspr-2   Launched VM: 872424528 pid: 6205 (0x183d) frontend: GUI/Qt name: kali-linux-2022.1-virtualbox-amd64
00:00:08.625761 nspr-2   WARNING [COM]: aRC=NS_ERROR_FAILURE (0x80004005) aIID={16ced992-5fdc-4aba-aff5-6a39bbd7c38b} aComponent={HostWrap} aText={VirtualBox is not currently allowed to access USB devices.  You can change this by adding your user to the 'vboxusers' group.  Please see the user manual for a more detailed explanation}, preserve=true  aResultDetail=0
00:00:08.626323 nspr-2   WARNING [COM]: aRC=NS_ERROR_FAILURE (0x80004005) aIID={16ced992-5fdc-4aba-aff5-6a39bbd7c38b} aComponent={HostWrap} aText={VirtualBox is not currently allowed to access USB devices.  You can change this by adding your user to the 'vboxusers' group.  Please see the user manual for a more detailed explanation}, preserve=true  aResultDetail=0
00:00:08.735175 nspr-6   WARNING [COM]: aRC=NS_ERROR_FAILURE (0x80004005) aIID={16ced992-5fdc-4aba-aff5-6a39bbd7c38b} aComponent={HostWrap} aText={VirtualBox is not currently allowed to access USB devices.  You can change this by adding your user to the 'vboxusers' group.  Please see the user manual for a more detailed explanation}, preserve=true  aResultDetail=0
00:00:08.735851 nspr-6   WARNING [COM]: aRC=NS_ERROR_FAILURE (0x80004005) aIID={16ced992-5fdc-4aba-aff5-6a39bbd7c38b} aComponent={HostWrap} aText={VirtualBox is not currently allowed to access USB devices.  You can change this by adding your user to the 'vboxusers' group.  Please see the user manual for a more detailed explanation}, preserve=true  aResultDetail=0
00:00:09.134326 nspr-4   WARNING [COM]: aRC=NS_ERROR_FAILURE (0x80004005) aIID={16ced992-5fdc-4aba-aff5-6a39bbd7c38b} aComponent={HostWrap} aText={VirtualBox is not currently allowed to access USB devices.  You can change this by adding your user to the 'vboxusers' group.  Please see the user manual for a more detailed explanation}, preserve=true  aResultDetail=0
00:00:09.134924 nspr-3   WARNING [COM]: aRC=NS_ERROR_FAILURE (0x80004005) aIID={16ced992-5fdc-4aba-aff5-6a39bbd7c38b} aComponent={HostWrap} aText={VirtualBox is not currently allowed to access USB devices.  You can change this by adding your user to the 'vboxusers' group.  Please see the user manual for a more detailed explanation}, preserve=true  aResultDetail=0
00:00:09.135073 nspr-3   ERROR [COM]: aRC=VBOX_E_OBJECT_NOT_FOUND (0x80bb0001) aIID={70401eef-c8e9-466b-9660-45cb3e9979e4} aComponent={ExtPackManagerWrap} aText={No extension pack by the name 'Oracle VM VirtualBox Extension Pack' was found}, preserve=false aResultDetail=0
00:00:09.158047 nspr-4   WARNING [COM]: aRC=NS_ERROR_FAILURE (0x80004005) aIID={16ced992-5fdc-4aba-aff5-6a39bbd7c38b} aComponent={HostWrap} aText={VirtualBox is not currently allowed to access USB devices.  You can change this by adding your user to the 'vboxusers' group.  Please see the user manual for a more detailed explanation}, preserve=true  aResultDetail=0
00:00:09.158439 nspr-3   WARNING [COM]: aRC=NS_ERROR_FAILURE (0x80004005) aIID={16ced992-5fdc-4aba-aff5-6a39bbd7c38b} aComponent={HostWrap} aText={VirtualBox is not currently allowed to access USB devices.  You can change this by adding your user to the 'vboxusers' group.  Please see the user manual for a more detailed explanation}, preserve=true  aResultDetail=0
00:00:09.173204 nspr-3   ERROR [COM]: aRC=VBOX_E_IPRT_ERROR (0x80bb0005) aIID={85632c68-b5bb-4316-a900-5eb28d3413df} aComponent={SessionMachine} aText={Saved screenshot data is not available (VERR_NOT_SUPPORTED)}, preserve=false aResultDetail=-37
00:00:09.251232 nspr-3   WARNING [COM]: aRC=NS_ERROR_FAILURE (0x80004005) aIID={16ced992-5fdc-4aba-aff5-6a39bbd7c38b} aComponent={HostWrap} aText={VirtualBox is not currently allowed to access USB devices.  You can change this by adding your user to the 'vboxusers' group.  Please see the user manual for a more detailed explanation}, preserve=true  aResultDetail=0
00:00:09.275793 nspr-2   WARNING [COM]: aRC=NS_ERROR_FAILURE (0x80004005) aIID={16ced992-5fdc-4aba-aff5-6a39bbd7c38b} aComponent={HostWrap} aText={VirtualBox is not currently allowed to access USB devices.  You can change this by adding your user to the 'vboxusers' group.  Please see the user manual for a more detailed explanation}, preserve=true  aResultDetail=0
00:00:09.276421 nspr-7   WARNING [COM]: aRC=NS_ERROR_FAILURE (0x80004005) aIID={16ced992-5fdc-4aba-aff5-6a39bbd7c38b} aComponent={HostWrap} aText={VirtualBox is not currently allowed to access USB devices.  You can change this by adding your user to the 'vboxusers' group.  Please see the user manual for a more detailed explanation}, preserve=true  aResultDetail=0
00:00:09.922489 nspr-5   WARNING [COM]: aRC=NS_ERROR_FAILURE (0x80004005) aIID={16ced992-5fdc-4aba-aff5-6a39bbd7c38b} aComponent={HostWrap} aText={VirtualBox is not currently allowed to access USB devices.  You can change this by adding your user to the 'vboxusers' group.  Please see the user manual for a more detailed explanation}, preserve=true  aResultDetail=0
00:00:09.922983 nspr-5   WARNING [COM]: aRC=NS_ERROR_FAILURE (0x80004005) aIID={16ced992-5fdc-4aba-aff5-6a39bbd7c38b} aComponent={HostWrap} aText={VirtualBox is not currently allowed to access USB devices.  You can change this by adding your user to the 'vboxusers' group.  Please see the user manual for a more detailed explanation}, preserve=true  aResultDetail=0
00:00:36.377748 nspr-2   Saving settings file "/home/amogus/.config/VirtualBox/VirtualBox.xml" with version "1.12-linux"
00:00:36.454734 nspr-4   Saving settings file "/home/amogus/.config/VirtualBox/VirtualBox.xml" with version "1.12-linux"
